<?xml version="1.0" encoding="UTF-8"?>
<testsuite xmlns:xsi="http://www.w3.org/2001/XMLSchema-instance" xsi:noNamespaceSchemaLocation="https://maven.apache.org/surefire/maven-surefire-plugin/xsd/surefire-test-report.xsd" name="org.IgorNorbert.lista4.PlayerTest" time="0.022" tests="5" errors="5" skipped="0" failures="0">
  <properties>
    <property name="java.specification.version" value="17"/>
    <property name="sun.jnu.encoding" value="UTF-8"/>
    <property name="java.class.path" value="/home/seeker/Dokumenty/wppt/semestr3/technologieProgramowania/lista4/target/test-classes:/home/seeker/Dokumenty/wppt/semestr3/technologieProgramowania/lista4/target/classes:/home/seeker/.m2/repository/junit/junit/4.11/junit-4.11.jar:/home/seeker/.m2/repository/org/hamcrest/hamcrest-core/1.3/hamcrest-core-1.3.jar:/home/seeker/.m2/repository/org/junit/jupiter/junit-jupiter/5.8.2/junit-jupiter-5.8.2.jar:/home/seeker/.m2/repository/org/junit/jupiter/junit-jupiter-api/5.8.2/junit-jupiter-api-5.8.2.jar:/home/seeker/.m2/repository/org/opentest4j/opentest4j/1.2.0/opentest4j-1.2.0.jar:/home/seeker/.m2/repository/org/junit/platform/junit-platform-commons/1.8.2/junit-platform-commons-1.8.2.jar:/home/seeker/.m2/repository/org/apiguardian/apiguardian-api/1.1.2/apiguardian-api-1.1.2.jar:/home/seeker/.m2/repository/org/junit/jupiter/junit-jupiter-params/5.8.2/junit-jupiter-params-5.8.2.jar:/home/seeker/.m2/repository/org/junit/jupiter/junit-jupiter-engine/5.8.2/junit-jupiter-engine-5.8.2.jar:/home/seeker/.m2/repository/org/junit/platform/junit-platform-engine/1.8.2/junit-platform-engine-1.8.2.jar:"/>
    <property name="java.vm.vendor" value="Oracle Corporation"/>
    <property name="sun.arch.data.model" value="64"/>
    <property name="java.vendor.url" value="https://java.oracle.com/"/>
    <property name="os.name" value="Linux"/>
    <property name="java.vm.specification.version" value="17"/>
    <property name="sun.java.launcher" value="SUN_STANDARD"/>
    <property name="user.country" value="PL"/>
    <property name="sun.boot.library.path" value="/usr/lib/jvm/java-17-oracle/lib"/>
    <property name="sun.java.command" value="/home/seeker/Dokumenty/wppt/semestr3/technologieProgramowania/lista4/target/surefire/surefirebooter17078899687773286811.jar /home/seeker/Dokumenty/wppt/semestr3/technologieProgramowania/lista4/target/surefire 2022-01-19T00-29-08_365-jvmRun1 surefire9613703168911186043tmp surefire_02545502792215477790tmp"/>
    <property name="jdk.debug" value="release"/>
    <property name="surefire.test.class.path" value="/home/seeker/Dokumenty/wppt/semestr3/technologieProgramowania/lista4/target/test-classes:/home/seeker/Dokumenty/wppt/semestr3/technologieProgramowania/lista4/target/classes:/home/seeker/.m2/repository/junit/junit/4.11/junit-4.11.jar:/home/seeker/.m2/repository/org/hamcrest/hamcrest-core/1.3/hamcrest-core-1.3.jar:/home/seeker/.m2/repository/org/junit/jupiter/junit-jupiter/5.8.2/junit-jupiter-5.8.2.jar:/home/seeker/.m2/repository/org/junit/jupiter/junit-jupiter-api/5.8.2/junit-jupiter-api-5.8.2.jar:/home/seeker/.m2/repository/org/opentest4j/opentest4j/1.2.0/opentest4j-1.2.0.jar:/home/seeker/.m2/repository/org/junit/platform/junit-platform-commons/1.8.2/junit-platform-commons-1.8.2.jar:/home/seeker/.m2/repository/org/apiguardian/apiguardian-api/1.1.2/apiguardian-api-1.1.2.jar:/home/seeker/.m2/repository/org/junit/jupiter/junit-jupiter-params/5.8.2/junit-jupiter-params-5.8.2.jar:/home/seeker/.m2/repository/org/junit/jupiter/junit-jupiter-engine/5.8.2/junit-jupiter-engine-5.8.2.jar:/home/seeker/.m2/repository/org/junit/platform/junit-platform-engine/1.8.2/junit-platform-engine-1.8.2.jar:"/>
    <property name="sun.cpu.endian" value="little"/>
    <property name="user.home" value="/home/seeker"/>
    <property name="user.language" value="pl"/>
    <property name="java.specification.vendor" value="Oracle Corporation"/>
    <property name="java.version.date" value="2021-10-19"/>
    <property name="java.home" value="/usr/lib/jvm/java-17-oracle"/>
    <property name="file.separator" value="/"/>
    <property name="basedir" value="/home/seeker/Dokumenty/wppt/semestr3/technologieProgramowania/lista4"/>
    <property name="java.vm.compressedOopsMode" value="32-bit"/>
    <property name="line.separator" value="&#10;"/>
    <property name="java.vm.specification.vendor" value="Oracle Corporation"/>
    <property name="java.specification.name" value="Java Platform API Specification"/>
    <property name="surefire.real.class.path" value="/home/seeker/Dokumenty/wppt/semestr3/technologieProgramowania/lista4/target/surefire/surefirebooter17078899687773286811.jar"/>
    <property name="sun.management.compiler" value="HotSpot 64-Bit Tiered Compilers"/>
    <property name="java.runtime.version" value="17.0.1+12-LTS-39"/>
    <property name="user.name" value="seeker"/>
    <property name="path.separator" value=":"/>
    <property name="os.version" value="5.11.0-46-generic"/>
    <property name="java.runtime.name" value="Java(TM) SE Runtime Environment"/>
    <property name="file.encoding" value="UTF-8"/>
    <property name="java.vm.name" value="Java HotSpot(TM) 64-Bit Server VM"/>
    <property name="localRepository" value="/home/seeker/.m2/repository"/>
    <property name="java.vendor.url.bug" value="https://bugreport.java.com/bugreport/"/>
    <property name="java.io.tmpdir" value="/tmp"/>
    <property name="java.version" value="17.0.1"/>
    <property name="user.dir" value="/home/seeker/Dokumenty/wppt/semestr3/technologieProgramowania/lista4"/>
    <property name="os.arch" value="amd64"/>
    <property name="java.vm.specification.name" value="Java Virtual Machine Specification"/>
    <property name="native.encoding" value="UTF-8"/>
    <property name="java.library.path" value="/usr/java/packages/lib:/usr/lib64:/lib64:/lib:/usr/lib"/>
    <property name="java.vm.info" value="mixed mode, sharing"/>
    <property name="java.vendor" value="Oracle Corporation"/>
    <property name="java.vm.version" value="17.0.1+12-LTS-39"/>
    <property name="sun.io.unicode.encoding" value="UnicodeLittle"/>
    <property name="java.class.version" value="61.0"/>
  </properties>
  <testcase name="testGetPlayerArray" classname="org.IgorNorbert.lista4.PlayerTest" time="0.012">
    <error message="org/IgorNorbert/lista4/AllSeatsTakenException" type="java.lang.NoClassDefFoundError">java.lang.NoClassDefFoundError: org/IgorNorbert/lista4/AllSeatsTakenException
	at org.IgorNorbert.lista4.PlayerTest.testGetPlayerArray(PlayerTest.java:105)
Caused by: java.lang.ClassNotFoundException: org.IgorNorbert.lista4.AllSeatsTakenException
	at org.IgorNorbert.lista4.PlayerTest.testGetPlayerArray(PlayerTest.java:105)
</error>
    <system-err><![CDATA[	at java.base/java.net.ServerSocket.<init>(ServerSocket.java:274)
	at java.base/java.net.ServerSocket.<init>(ServerSocket.java:167)
	at org.IgorNorbert.lista4.SimpleNetProtocolTest.lambda$creationTest$0(SimpleNetProtocolTest.java:19)
	at java.base/java.lang.Thread.run(Thread.java:833)
Exception in thread "Thread-2" org.opentest4j.AssertionFailedError: Thread 1 fail
	at org.junit.jupiter.api.AssertionUtils.fail(AssertionUtils.java:39)
	at org.junit.jupiter.api.Assertions.fail(Assertions.java:134)
	at org.IgorNorbert.lista4.SimpleNetProtocolTest.lambda$creationTest$0(SimpleNetProtocolTest.java:32)
	at java.base/java.lang.Thread.run(Thread.java:833)
]]></system-err>
  </testcase>
  <testcase name="updateLobbyList" classname="org.IgorNorbert.lista4.PlayerTest" time="0.001">
    <error message="org/IgorNorbert/lista4/NotThisPlayerTurnException" type="java.lang.NoClassDefFoundError">java.lang.NoClassDefFoundError: org/IgorNorbert/lista4/NotThisPlayerTurnException
	at org.IgorNorbert.lista4.PlayerTest.updateLobbyList(PlayerTest.java:141)
Caused by: java.lang.ClassNotFoundException: org.IgorNorbert.lista4.NotThisPlayerTurnException
	at org.IgorNorbert.lista4.PlayerTest.updateLobbyList(PlayerTest.java:141)
</error>
  </testcase>
  <testcase name="setReadyTest" classname="org.IgorNorbert.lista4.PlayerTest" time="0.002">
    <error message="org/IgorNorbert/lista4/AllSeatsTakenException" type="java.lang.NoClassDefFoundError">java.lang.NoClassDefFoundError: org/IgorNorbert/lista4/AllSeatsTakenException
	at org.IgorNorbert.lista4.PlayerTest.setReadyTest(PlayerTest.java:44)
Caused by: java.lang.ClassNotFoundException: org.IgorNorbert.lista4.AllSeatsTakenException
	at org.IgorNorbert.lista4.PlayerTest.setReadyTest(PlayerTest.java:44)
</error>
  </testcase>
  <testcase name="joinLobbyTest" classname="org.IgorNorbert.lista4.PlayerTest" time="0.003">
    <error message="org/IgorNorbert/lista4/AllSeatsTakenException" type="java.lang.NoClassDefFoundError">java.lang.NoClassDefFoundError: org/IgorNorbert/lista4/AllSeatsTakenException
	at org.IgorNorbert.lista4.PlayerTest.joinLobbyTest(PlayerTest.java:15)
Caused by: java.lang.ClassNotFoundException: org.IgorNorbert.lista4.AllSeatsTakenException
	at org.IgorNorbert.lista4.PlayerTest.joinLobbyTest(PlayerTest.java:15)
</error>
  </testcase>
  <testcase name="leaveTest" classname="org.IgorNorbert.lista4.PlayerTest" time="0.001">
    <error message="org/IgorNorbert/lista4/AllSeatsTakenException" type="java.lang.NoClassDefFoundError">java.lang.NoClassDefFoundError: org/IgorNorbert/lista4/AllSeatsTakenException
	at org.IgorNorbert.lista4.PlayerTest.leaveTest(PlayerTest.java:80)
Caused by: java.lang.ClassNotFoundException: org.IgorNorbert.lista4.AllSeatsTakenException
	at org.IgorNorbert.lista4.PlayerTest.leaveTest(PlayerTest.java:80)
</error>
  </testcase>
</testsuite>